  main.cpp
E:\Github\GraphicsLab2\GraphicsLab2\GLRenderSystem.h(33,106): warning C4244: аргумент: преобразование "double" в "GLclampf", возможна потеря данных
E:\Github\GraphicsLab2\GraphicsLab2\GLRenderSystem.h(33,61): warning C4244: аргумент: преобразование "double" в "GLclampf", возможна потеря данных
E:\Github\GraphicsLab2\GraphicsLab2\GLRenderSystem.h(33,21): warning C4244: аргумент: преобразование "double" в "GLclampf", возможна потеря данных
E:\Github\GraphicsLab2\GraphicsLab2\GLRenderSystem.h(35,1): warning C4305: +=: усечение из "double" в "float"
E:\Github\GraphicsLab2\GraphicsLab2\GLRenderSystem.h(39,29): warning C4244: аргумент: преобразование "double" в "GLfloat", возможна потеря данных
E:\Github\GraphicsLab2\GraphicsLab2\GLRenderSystem.h(69,21): warning C4244: аргумент: преобразование "double" в "GLclampf", возможна потеря данных
E:\Github\GraphicsLab2\GraphicsLab2\GLRenderSystem.h(68,61): warning C4244: аргумент: преобразование "double" в "GLclampf", возможна потеря данных
E:\Github\GraphicsLab2\GraphicsLab2\GLRenderSystem.h(68,21): warning C4244: аргумент: преобразование "double" в "GLclampf", возможна потеря данных
E:\Github\GraphicsLab2\GraphicsLab2\GLRenderSystem.h(73,1): warning C4305: +=: усечение из "double" в "float"
E:\Github\GraphicsLab2\GraphicsLab2\GLRenderSystem.h(88,50): warning C4244: аргумент: преобразование "double" в "GLfloat", возможна потеря данных
E:\Github\GraphicsLab2\GraphicsLab2\GLRenderSystem.h(87,84): warning C4244: аргумент: преобразование "double" в "GLfloat", возможна потеря данных
E:\Github\GraphicsLab2\GraphicsLab2\GLRenderSystem.h(87,44): warning C4244: аргумент: преобразование "double" в "GLfloat", возможна потеря данных
E:\Github\GraphicsLab2\GraphicsLab2\GLRenderSystem.h(91,44): warning C4244: аргумент: преобразование "double" в "GLfloat", возможна потеря данных
E:\Github\GraphicsLab2\GraphicsLab2\GLRenderSystem.h(90,90): warning C4244: аргумент: преобразование "double" в "GLfloat", возможна потеря данных
E:\Github\GraphicsLab2\GraphicsLab2\GLRenderSystem.h(90,50): warning C4244: аргумент: преобразование "double" в "GLfloat", возможна потеря данных
E:\Github\GraphicsLab2\GraphicsLab2\GLRenderSystem.h(94,50): warning C4244: аргумент: преобразование "double" в "GLfloat", возможна потеря данных
E:\Github\GraphicsLab2\GraphicsLab2\GLRenderSystem.h(93,84): warning C4244: аргумент: преобразование "double" в "GLfloat", возможна потеря данных
E:\Github\GraphicsLab2\GraphicsLab2\GLRenderSystem.h(93,50): warning C4244: аргумент: преобразование "double" в "GLfloat", возможна потеря данных
E:\Github\GraphicsLab2\GraphicsLab2\main.cpp(128,10): warning C4067: непредвиденные лексемы за директивой препроцессора, требуется newline
  Создание кода
  1 of 109 functions ( 0.9%) were compiled, the rest were copied from previous compilation.
    0 functions were new in current compilation
    0 functions had inline decision re-evaluated but remain unchanged
  Создание кода завершено
  Lesson1.vcxproj -> E:\Github\GraphicsLab2\GraphicsLab2\Release\Lesson1.exe
